=== Robot Factory Server ===
Port: 12345
Expert Engineers: 256

Starting expert engineer thread pool...
[Expert 10000] Started
[Expert 10001] Started
[Expert 10002] Started
[Expert 10003] Started
[Expert 10004] Started
[Expert 10005] Started
[Expert 10006] Started
[Expert 10007] Started
[Expert 10008] Started
[Expert 10009] Started
[Expert 10010] Started
[Expert 10011] Started
[Expert 10012] Started
[Expert 10013] Started
[Expert 10014] Started
[Expert 10015] Started
[Expert 10016] Started
[Expert 10017] Started
[Expert 10018] Started
[Expert 10019] Started
[Expert 10020] Started
[Expert 10021] Started
[Expert 10022] Started
[Expert 10023] Started
[Expert 10024] Started
[Expert 10025] Started
[Expert 10026] Started
[Expert 10027] Started
[Expert 10028] Started
[Expert 10029] Started
[Expert 10030] Started
[Expert 10031] Started
[Expert 10032] Started
[Expert 10033] Started
[Expert 10034] Started
[Expert 10035] Started
[Expert 10036] Started
[Expert 10037] Started
[Expert 10038] Started
[Expert 10039] Started
[Expert 10040] Started
[Expert 10041] Started
[Expert 10042] Started
[Expert 10043] Started
[Expert 10044] Started
[Expert 10045] Started
[Expert 10046] Started
[Expert 10047] Started
[Expert 10048] Started
[Expert 10049] Started
[Expert 10050] Started
[Expert 10051] Started
[Expert 10052] Started
[Expert 10053] Started
[Expert 10054] Started
[Expert 10055] Started
[Expert 10056] Started
[Expert 10057] Started
[Expert 10058] Started
[Expert 10059] Started
[Expert 10060] Started
[Expert 10061] Started
[Expert 10062] Started
[Expert 10063] Started
[Expert 10064] Started
[Expert 10065] Started
[Expert 10066] Started
[Expert 10067] Started
[Expert 10068] Started
[Expert 10069] Started
[Expert 10070] Started
[Expert 10071] Started
[Expert 10072] Started
[Expert 10073] Started
[Expert 10074] Started
[Expert 10075] Started
[Expert 10076] Started
[Expert 10077] Started
[Expert 10078] Started
[Expert 10079] Started
[Expert 10080] Started
[Expert 10081] Started
[Expert 10082] Started
[Expert 10083] Started
[Expert 10084] Started
[Expert 10085] Started
[Expert 10086] Started
[Expert 10087] Started
[Expert 10088] Started
[Expert 10089] Started
[Expert 10090] Started
[Expert 10091] Started
[Expert 10092] Started
[Expert 10093] Started
[Expert 10094] Started
[Expert 10095] Started
[Expert 10096] Started
[Expert 10097] Started
[Expert 10098] Started
[Expert 10099] Started
[Expert 10100] Started
[Expert 10101] Started
[Expert 10102] Started
[Expert 10103] Started
[Expert 10104] Started
[Expert 10105] Started
[Expert 10106] Started
[Expert 10107] Started
[Expert 10108] Started
[Expert 10109] Started
[Expert 10110] Started
[Expert 10111] Started
[Expert 10112] Started
[Expert 10113] Started
[Expert 10114] Started
[Expert 10115] Started
[Expert 10116] Started
[Expert 10117] Started
[Expert 10118] Started
[Expert 10119] Started
[Expert 10120] Started
[Expert 10121] Started
[Expert 10122] Started
[Expert 10123] Started
[Expert 10124] Started
[Expert 10125] Started
[Expert 10126] Started
[Expert 10127] Started
[Expert 10128] Started
[Expert 10129] Started
[Expert 10130] Started
[Expert 10131] Started
[Expert 10132] Started
[Expert 10133] Started
[Expert 10134] Started
[Expert 10135] Started
[Expert 10136] Started
[Expert 10137] Started
[Expert 10138] Started
[Expert 10139] Started
[Expert 10140] Started
[Expert 10141] Started
[Expert 10142] Started
[Expert 10143] Started
[Expert 10144] Started
[Expert 10145] Started
[Expert 10146] Started
[Expert 10147] Started
[Expert 10148] Started
[Expert 10149] Started
[Expert 10150] Started
[Expert 10151] Started
[Expert 10152] Started
[Expert 10153] Started
[Expert 10154] Started
[Expert 10155] Started
[Expert 10156] Started
[Expert 10157] Started
[Expert 10158] Started
[Expert 10159] Started
[Expert 10160] Started
[Expert 10161] Started
[Expert 10162] Started
[Expert 10163] Started
[Expert 10164] Started
[Expert 10165] Started
[Expert 10166] Started
[Expert 10167] Started
[Expert 10168] Started
[Expert 10169] Started
[Expert 10170] Started
[Expert 10171] Started
[Expert 10172] Started
[Expert 10173